
GET /api/contacts/ 25-09-2022_09:49:34
GET /api/contacts/ 25-09-2022_10:03:59
GET / 26-09-2022_10:47:52
GET /favicon.ico 26-09-2022_10:47:53
GET / 26-09-2022_10:48:00
GET /api/contacts/ 02-10-2022_09:28:20
POST /api/contacts/ 02-10-2022_09:47:43
POST /api/contacts/ 02-10-2022_09:48:55
POST /api/contacts/ 02-10-2022_09:50:44
POST /api/contacts/ 02-10-2022_09:53:19
POST /api/contacts/ 02-10-2022_09:53:43
POST /api/contacts/ 02-10-2022_09:57:01
POST /api/contacts/ 02-10-2022_09:58:09
POST /api/contacts/ 02-10-2022_09:59:45
GET /api/contacts/ 02-10-2022_10:00:01
POST /api/contacts/ 02-10-2022_10:01:56
GET /api/contacts/ 02-10-2022_10:05:24
DELETE /api/contacts/ddce9286-fccd-4507-921b-c437141d9f05 02-10-2022_10:05:46
GET /api/contacts/ 02-10-2022_10:05:51
GET /api/contacts/ 02-10-2022_10:11:02
DELETE /api/contacts/ddce9286-fccd-4507-921b-c437141d9f05 02-10-2022_10:11:21
DELETE /api/contacts/ddce9286-fccd-4507-921b-c437141d9f05 02-10-2022_10:12:31
DELETE /api/contacts/ddce9286-fccd-4507-921b-c437141d9f05 02-10-2022_10:12:58
DELETE /api/contacts/ddce9286-fccd-4507-921b-c437141d9f05 02-10-2022_10:14:25
DELETE /api/contacts/ddce9286-fccd-4507-921b-c437141d9f05 02-10-2022_10:15:29
DELETE /api/contacts/ddce9286-fccd-4507-921b-c437141d9f05 02-10-2022_10:16:31
DELETE /api/contacts/ddce9286-fccd-4507-921b-c437141d9f05 02-10-2022_10:18:00
GET /api/contacts/ 02-10-2022_10:18:05
DELETE /api/contacts/ddce9286-fccd-4507-921b-c437141d9f05 02-10-2022_10:18:12
POST /api/contacts/ 02-10-2022_10:19:03
GET /api/contacts/ 02-10-2022_10:19:10
DELETE /api/contacts/6affa175-791c-4490-8e71-8540a5c2912c 02-10-2022_10:19:18
GET /api/contacts/ 02-10-2022_10:19:23
DELETE /api/contacts/6affa175-791c-4490-8e71-8540a5c2912c 02-10-2022_10:19:54
DELETE /api/contacts/6affa175-791c-4490-8e71-8540a5c2912c 02-10-2022_10:20:34
DELETE /api/contacts/6affa175-791c-4490-8e71-8540a5c2912c 02-10-2022_10:20:50
POST /api/contacts/ 02-10-2022_10:20:59
DELETE /api/contacts/9e6c7b43-63e0-4957-9640-9e4af3bca338 02-10-2022_10:21:10
POST /api/contacts/ 02-10-2022_10:22:37
DELETE /api/contacts/7c45ee96-97af-450b-90aa-215d8b8ce7ce 02-10-2022_10:22:46
POST /api/contacts/ 02-10-2022_10:24:35
DELETE /api/contacts/c0463eb1-72e6-4e64-bd47-a619825ce5e3 02-10-2022_10:24:44
POST /api/contacts/ 02-10-2022_10:27:43
DELETE /api/contacts/82f47aca-4c24-4224-b28e-797e635c0660 02-10-2022_10:27:51
GET /api/contacts/ 02-10-2022_10:31:39
POST /api/contacts/ 02-10-2022_10:31:43
PUT /api/contacts/066bb779-b6be-49bf-8e25-4626e722b230 02-10-2022_10:33:07
GET /api/contacts/ 02-10-2022_10:33:10
POST /api/contacts/ 02-10-2022_10:36:22
PUT /api/contacts/98fd759a-4bca-4c1b-9dd0-617fdc09eb0a 02-10-2022_10:36:34
POST /api/contacts/ 02-10-2022_10:39:16
POST /api/contacts/ 02-10-2022_10:39:27
POST /api/contacts/ 02-10-2022_10:41:21
POST /api/contacts/ 02-10-2022_10:41:26
POST /api/contacts/ 02-10-2022_10:41:32
POST /api/contacts/ 02-10-2022_10:41:49
POST /api/contacts/ 02-10-2022_10:41:53
POST /api/contacts/ 02-10-2022_10:47:18
POST /api/contacts/ 02-10-2022_10:47:30
POST /api/contacts/ 02-10-2022_10:58:49
POST /api/contacts/ 02-10-2022_11:11:45
POST /api/contacts/ 02-10-2022_11:11:53
POST /api/contacts/ 02-10-2022_11:12:00